<?xml version="1.0" encoding="UTF-8"?>
<testsuite xmlns:xsi="http://www.w3.org/2001/XMLSchema-instance" xsi:noNamespaceSchemaLocation="https://maven.apache.org/surefire/maven-surefire-plugin/xsd/surefire-test-report-3.0.xsd" version="3.0" name="dk.sdu.mmmi.cbse.playersystem.PlayerControlSystemTest" time="0.177" tests="5" errors="0" skipped="0" failures="0">
  <properties>
[...]
</properties>
  <testcase name="testPlayerMovesForwardWhenUpPressed" classname="dk.sdu.mmmi.cbse.playersystem.PlayerControlSystemTest" time="0.118"/>
  <testcase name="testPlayerStaysWithinBounds" classname="dk.sdu.mmmi.cbse.playersystem.PlayerControlSystemTest" time="0.004"/>
  <testcase name="testPlayerDoesNotMoveWithoutInput" classname="dk.sdu.mmmi.cbse.playersystem.PlayerControlSystemTest" time="0.002"/>
  <testcase name="testPlayerRotatesRightWhenRightPressed" classname="dk.sdu.mmmi.cbse.playersystem.PlayerControlSystemTest" time="0.005"/>
  <testcase name="testPlayerRotatesLeftWhenLeftPressed" classname="dk.sdu.mmmi.cbse.playersystem.PlayerControlSystemTest" time="0.002"/>
</testsuite>